TN:
SF:E:\1060117\my-app\src\polyfills.ts
FNF:0
FNH:0
LF:0
LH:0
BRF:0
BRH:0
end_of_record
TN:
SF:E:\1060117\my-app\src\test.ts
FNF:0
FNH:0
DA:13,1
DA:18,1
DA:20,1
LF:3
LH:3
BRF:0
BRH:0
end_of_record
TN:
SF:E:\1060117\my-app\src\app\app.component.ts
FN:5,(anonymous_0)
FNF:1
FNH:1
FNDA:2,(anonymous_0)
DA:10,1
DA:11,2
LF:2
LH:2
BRF:0
BRH:0
end_of_record
TN:
SF:E:\1060117\my-app\src\app\postfix\postfix.component.ts
FN:77,(anonymous_0)
FN:20,(anonymous_1)
FN:79,(anonymous_2)
FNF:3
FNH:3
FNDA:20,(anonymous_0)
FNDA:14,(anonymous_1)
FNDA:17,(anonymous_2)
DA:12,1
DA:22,14
DA:23,14
DA:24,14
DA:26,48
DA:27,31
DA:28,31
DA:31,17
DA:32,17
DA:33,17
DA:34,15
DA:35,15
DA:36,15
DA:39,5
DA:40,5
DA:43,2
DA:44,2
DA:47,4
DA:48,4
DA:51,3
DA:52,3
DA:55,1
DA:56,1
DA:66,14
DA:67,10
DA:69,4
DA:71,14
LF:27
LH:27
BRDA:26,0,0,31
BRDA:26,0,1,17
BRDA:33,1,0,15
BRDA:33,1,1,2
BRDA:38,2,0,5
BRDA:38,2,1,2
BRDA:38,2,2,4
BRDA:38,2,3,3
BRDA:38,2,4,1
BRDA:66,3,0,10
BRDA:66,3,1,4
BRF:11
BRH:11
end_of_record
